{"C:\\Users\\DELL\\habit-tracker\\src\\lib\\habits.ts": {"path":"C:\\Users\\DELL\\habit-tracker\\src\\lib\\habits.ts","all":false,"statementMap":{"0":{"start":{"line":1,"column":0},"end":{"line":1,"column":43}},"1":{"start":{"line":2,"column":0},"end":{"line":2,"column":0}},"2":{"start":{"line":3,"column":0},"end":{"line":3,"column":74}},"3":{"start":{"line":4,"column":0},"end":{"line":4,"column":45}},"4":{"start":{"line":5,"column":0},"end":{"line":5,"column":40}},"5":{"start":{"line":6,"column":0},"end":{"line":6,"column":19}},"6":{"start":{"line":7,"column":0},"end":{"line":7,"column":27}},"7":{"start":{"line":8,"column":0},"end":{"line":8,"column":10}},"8":{"start":{"line":9,"column":0},"end":{"line":9,"column":31}},"9":{"start":{"line":10,"column":0},"end":{"line":10,"column":3}},"10":{"start":{"line":11,"column":0},"end":{"line":11,"column":62}},"11":{"start":{"line":12,"column":0},"end":{"line":12,"column":1}}},"s":{"0":1,"1":1,"2":1,"3":4,"4":4,"5":4,"6":3,"7":4,"8":1,"9":1,"10":4,"11":4},"branchMap":{"0":{"type":"branch","line":3,"loc":{"start":{"line":3,"column":7},"end":{"line":12,"column":1}},"locations":[{"start":{"line":3,"column":7},"end":{"line":12,"column":1}}]},"1":{"type":"branch","line":6,"loc":{"start":{"line":6,"column":18},"end":{"line":8,"column":9}},"locations":[{"start":{"line":6,"column":18},"end":{"line":8,"column":9}}]},"2":{"type":"branch","line":8,"loc":{"start":{"line":8,"column":2},"end":{"line":10,"column":3}},"locations":[{"start":{"line":8,"column":2},"end":{"line":10,"column":3}}]}},"b":{"0":[4],"1":[3],"2":[1]},"fnMap":{"0":{"name":"toggleHabitCompletion","decl":{"start":{"line":3,"column":7},"end":{"line":12,"column":1}},"loc":{"start":{"line":3,"column":7},"end":{"line":12,"column":1}},"line":3}},"f":{"0":4}}
,"C:\\Users\\DELL\\habit-tracker\\src\\lib\\slug.ts": {"path":"C:\\Users\\DELL\\habit-tracker\\src\\lib\\slug.ts","all":false,"statementMap":{"0":{"start":{"line":1,"column":0},"end":{"line":1,"column":52}},"1":{"start":{"line":2,"column":0},"end":{"line":2,"column":13}},"2":{"start":{"line":3,"column":0},"end":{"line":3,"column":18}},"3":{"start":{"line":4,"column":0},"end":{"line":4,"column":11}},"4":{"start":{"line":5,"column":0},"end":{"line":5,"column":25}},"5":{"start":{"line":6,"column":0},"end":{"line":6,"column":32}},"6":{"start":{"line":7,"column":0},"end":{"line":7,"column":1}}},"s":{"0":1,"1":12,"2":12,"3":12,"4":12,"5":12,"6":12},"branchMap":{"0":{"type":"branch","line":1,"loc":{"start":{"line":1,"column":7},"end":{"line":7,"column":1}},"locations":[{"start":{"line":1,"column":7},"end":{"line":7,"column":1}}]}},"b":{"0":[12]},"fnMap":{"0":{"name":"getHabitSlug","decl":{"start":{"line":1,"column":7},"end":{"line":7,"column":1}},"loc":{"start":{"line":1,"column":7},"end":{"line":7,"column":1}},"line":1}},"f":{"0":12}}
,"C:\\Users\\DELL\\habit-tracker\\src\\lib\\storage.ts": {"path":"C:\\Users\\DELL\\habit-tracker\\src\\lib\\storage.ts","all":false,"statementMap":{"0":{"start":{"line":1,"column":0},"end":{"line":1,"column":50}},"1":{"start":{"line":2,"column":0},"end":{"line":2,"column":43}},"2":{"start":{"line":3,"column":0},"end":{"line":3,"column":0}},"3":{"start":{"line":4,"column":0},"end":{"line":4,"column":40}},"4":{"start":{"line":5,"column":0},"end":{"line":5,"column":44}},"5":{"start":{"line":6,"column":0},"end":{"line":6,"column":42}},"6":{"start":{"line":7,"column":0},"end":{"line":7,"column":0}},"7":{"start":{"line":8,"column":0},"end":{"line":8,"column":8}},"8":{"start":{"line":9,"column":0},"end":{"line":9,"column":36}},"9":{"start":{"line":10,"column":0},"end":{"line":10,"column":47}},"10":{"start":{"line":11,"column":0},"end":{"line":11,"column":69}},"11":{"start":{"line":12,"column":0},"end":{"line":12,"column":22}},"12":{"start":{"line":13,"column":0},"end":{"line":13,"column":1}},"13":{"start":{"line":14,"column":0},"end":{"line":14,"column":48}},"14":{"start":{"line":15,"column":0},"end":{"line":15,"column":57}},"15":{"start":{"line":16,"column":0},"end":{"line":16,"column":1}},"16":{"start":{"line":17,"column":0},"end":{"line":17,"column":0}},"17":{"start":{"line":18,"column":0},"end":{"line":18,"column":10}},"18":{"start":{"line":19,"column":0},"end":{"line":19,"column":46}},"19":{"start":{"line":20,"column":0},"end":{"line":20,"column":49}},"20":{"start":{"line":21,"column":0},"end":{"line":21,"column":73}},"21":{"start":{"line":22,"column":0},"end":{"line":22,"column":24}},"22":{"start":{"line":23,"column":0},"end":{"line":23,"column":1}},"23":{"start":{"line":24,"column":0},"end":{"line":24,"column":60}},"24":{"start":{"line":25,"column":0},"end":{"line":25,"column":61}},"25":{"start":{"line":26,"column":0},"end":{"line":26,"column":1}},"26":{"start":{"line":27,"column":0},"end":{"line":27,"column":38}},"27":{"start":{"line":28,"column":0},"end":{"line":28,"column":44}},"28":{"start":{"line":29,"column":0},"end":{"line":29,"column":39}},"29":{"start":{"line":30,"column":0},"end":{"line":30,"column":1}},"30":{"start":{"line":31,"column":0},"end":{"line":31,"column":9}},"31":{"start":{"line":32,"column":0},"end":{"line":32,"column":38}},"32":{"start":{"line":33,"column":0},"end":{"line":33,"column":47}},"33":{"start":{"line":34,"column":0},"end":{"line":34,"column":70}},"34":{"start":{"line":35,"column":0},"end":{"line":35,"column":22}},"35":{"start":{"line":36,"column":0},"end":{"line":36,"column":1}},"36":{"start":{"line":37,"column":0},"end":{"line":37,"column":51}},"37":{"start":{"line":38,"column":0},"end":{"line":38,"column":59}},"38":{"start":{"line":39,"column":0},"end":{"line":39,"column":1}},"39":{"start":{"line":40,"column":0},"end":{"line":40,"column":59}},"40":{"start":{"line":41,"column":0},"end":{"line":41,"column":54}},"41":{"start":{"line":42,"column":0},"end":{"line":42,"column":1}}},"s":{"0":1,"1":1,"2":1,"3":1,"4":1,"5":1,"6":1,"7":1,"8":1,"9":4,"10":4,"11":0,"12":4,"13":1,"14":3,"15":3,"16":1,"17":1,"18":1,"19":4,"20":4,"21":0,"22":4,"23":1,"24":2,"25":2,"26":1,"27":0,"28":0,"29":0,"30":1,"31":1,"32":4,"33":4,"34":0,"35":4,"36":1,"37":3,"38":3,"39":1,"40":0,"41":0},"branchMap":{"0":{"type":"branch","line":9,"loc":{"start":{"line":9,"column":7},"end":{"line":13,"column":1}},"locations":[{"start":{"line":9,"column":7},"end":{"line":13,"column":1}}]},"1":{"type":"branch","line":10,"loc":{"start":{"line":10,"column":37},"end":{"line":10,"column":47}},"locations":[{"start":{"line":10,"column":37},"end":{"line":10,"column":47}}]},"2":{"type":"branch","line":11,"loc":{"start":{"line":11,"column":56},"end":{"line":11,"column":65}},"locations":[{"start":{"line":11,"column":56},"end":{"line":11,"column":65}}]},"3":{"type":"branch","line":11,"loc":{"start":{"line":11,"column":68},"end":{"line":12,"column":22}},"locations":[{"start":{"line":11,"column":68},"end":{"line":12,"column":22}}]},"4":{"type":"branch","line":14,"loc":{"start":{"line":14,"column":7},"end":{"line":16,"column":1}},"locations":[{"start":{"line":14,"column":7},"end":{"line":16,"column":1}}]},"5":{"type":"branch","line":19,"loc":{"start":{"line":19,"column":7},"end":{"line":23,"column":1}},"locations":[{"start":{"line":19,"column":7},"end":{"line":23,"column":1}}]},"6":{"type":"branch","line":20,"loc":{"start":{"line":20,"column":37},"end":{"line":20,"column":49}},"locations":[{"start":{"line":20,"column":37},"end":{"line":20,"column":49}}]},"7":{"type":"branch","line":21,"loc":{"start":{"line":21,"column":58},"end":{"line":21,"column":69}},"locations":[{"start":{"line":21,"column":58},"end":{"line":21,"column":69}}]},"8":{"type":"branch","line":21,"loc":{"start":{"line":21,"column":72},"end":{"line":22,"column":24}},"locations":[{"start":{"line":21,"column":72},"end":{"line":22,"column":24}}]},"9":{"type":"branch","line":24,"loc":{"start":{"line":24,"column":7},"end":{"line":26,"column":1}},"locations":[{"start":{"line":24,"column":7},"end":{"line":26,"column":1}}]},"10":{"type":"branch","line":32,"loc":{"start":{"line":32,"column":7},"end":{"line":36,"column":1}},"locations":[{"start":{"line":32,"column":7},"end":{"line":36,"column":1}}]},"11":{"type":"branch","line":33,"loc":{"start":{"line":33,"column":37},"end":{"line":33,"column":47}},"locations":[{"start":{"line":33,"column":37},"end":{"line":33,"column":47}}]},"12":{"type":"branch","line":34,"loc":{"start":{"line":34,"column":57},"end":{"line":34,"column":66}},"locations":[{"start":{"line":34,"column":57},"end":{"line":34,"column":66}}]},"13":{"type":"branch","line":34,"loc":{"start":{"line":34,"column":69},"end":{"line":35,"column":22}},"locations":[{"start":{"line":34,"column":69},"end":{"line":35,"column":22}}]},"14":{"type":"branch","line":37,"loc":{"start":{"line":37,"column":7},"end":{"line":39,"column":1}},"locations":[{"start":{"line":37,"column":7},"end":{"line":39,"column":1}}]}},"b":{"0":[4],"1":[0],"2":[2],"3":[0],"4":[3],"5":[4],"6":[0],"7":[2],"8":[0],"9":[2],"10":[4],"11":[0],"12":[1],"13":[0],"14":[3]},"fnMap":{"0":{"name":"getUsers","decl":{"start":{"line":9,"column":7},"end":{"line":13,"column":1}},"loc":{"start":{"line":9,"column":7},"end":{"line":13,"column":1}},"line":9},"1":{"name":"saveUsers","decl":{"start":{"line":14,"column":7},"end":{"line":16,"column":1}},"loc":{"start":{"line":14,"column":7},"end":{"line":16,"column":1}},"line":14},"2":{"name":"getSession","decl":{"start":{"line":19,"column":7},"end":{"line":23,"column":1}},"loc":{"start":{"line":19,"column":7},"end":{"line":23,"column":1}},"line":19},"3":{"name":"saveSession","decl":{"start":{"line":24,"column":7},"end":{"line":26,"column":1}},"loc":{"start":{"line":24,"column":7},"end":{"line":26,"column":1}},"line":24},"4":{"name":"clearSession","decl":{"start":{"line":27,"column":7},"end":{"line":30,"column":1}},"loc":{"start":{"line":27,"column":7},"end":{"line":30,"column":1}},"line":27},"5":{"name":"getHabits","decl":{"start":{"line":32,"column":7},"end":{"line":36,"column":1}},"loc":{"start":{"line":32,"column":7},"end":{"line":36,"column":1}},"line":32},"6":{"name":"saveHabits","decl":{"start":{"line":37,"column":7},"end":{"line":39,"column":1}},"loc":{"start":{"line":37,"column":7},"end":{"line":39,"column":1}},"line":37},"7":{"name":"getHabitsForUser","decl":{"start":{"line":40,"column":7},"end":{"line":42,"column":1}},"loc":{"start":{"line":40,"column":7},"end":{"line":42,"column":1}},"line":40}},"f":{"0":4,"1":3,"2":4,"3":2,"4":0,"5":4,"6":3,"7":0}}
,"C:\\Users\\DELL\\habit-tracker\\src\\lib\\streaks.ts": {"path":"C:\\Users\\DELL\\habit-tracker\\src\\lib\\streaks.ts","all":false,"statementMap":{"0":{"start":{"line":1,"column":0},"end":{"line":1,"column":87}},"1":{"start":{"line":2,"column":0},"end":{"line":2,"column":68}},"2":{"start":{"line":3,"column":0},"end":{"line":3,"column":50}},"3":{"start":{"line":4,"column":0},"end":{"line":4,"column":0}},"4":{"start":{"line":5,"column":0},"end":{"line":5,"column":44}},"5":{"start":{"line":6,"column":0},"end":{"line":6,"column":0}},"6":{"start":{"line":7,"column":0},"end":{"line":7,"column":17}},"7":{"start":{"line":8,"column":0},"end":{"line":8,"column":36}},"8":{"start":{"line":9,"column":0},"end":{"line":9,"column":0}},"9":{"start":{"line":10,"column":0},"end":{"line":10,"column":16}},"10":{"start":{"line":11,"column":0},"end":{"line":11,"column":56}},"11":{"start":{"line":12,"column":0},"end":{"line":12,"column":41}},"12":{"start":{"line":13,"column":0},"end":{"line":13,"column":13}},"13":{"start":{"line":14,"column":0},"end":{"line":14,"column":43}},"14":{"start":{"line":15,"column":0},"end":{"line":15,"column":3}},"15":{"start":{"line":16,"column":0},"end":{"line":16,"column":0}},"16":{"start":{"line":17,"column":0},"end":{"line":17,"column":16}},"17":{"start":{"line":18,"column":0},"end":{"line":18,"column":1}}},"s":{"0":1,"1":11,"2":11,"3":11,"4":11,"5":6,"6":6,"7":6,"8":6,"9":11,"10":15,"11":15,"12":9,"13":9,"14":9,"15":6,"16":6,"17":6},"branchMap":{"0":{"type":"branch","line":1,"loc":{"start":{"line":1,"column":7},"end":{"line":18,"column":1}},"locations":[{"start":{"line":1,"column":7},"end":{"line":18,"column":1}}]},"1":{"type":"branch","line":2,"loc":{"start":{"line":2,"column":20},"end":{"line":2,"column":68}},"locations":[{"start":{"line":2,"column":20},"end":{"line":2,"column":68}}]},"2":{"type":"branch","line":5,"loc":{"start":{"line":5,"column":35},"end":{"line":5,"column":44}},"locations":[{"start":{"line":5,"column":35},"end":{"line":5,"column":44}}]},"3":{"type":"branch","line":5,"loc":{"start":{"line":5,"column":42},"end":{"line":10,"column":15}},"locations":[{"start":{"line":5,"column":42},"end":{"line":10,"column":15}}]},"4":{"type":"branch","line":10,"loc":{"start":{"line":10,"column":15},"end":{"line":15,"column":3}},"locations":[{"start":{"line":10,"column":15},"end":{"line":15,"column":3}}]},"5":{"type":"branch","line":12,"loc":{"start":{"line":12,"column":35},"end":{"line":15,"column":3}},"locations":[{"start":{"line":12,"column":35},"end":{"line":15,"column":3}}]},"6":{"type":"branch","line":12,"loc":{"start":{"line":12,"column":35},"end":{"line":12,"column":41}},"locations":[{"start":{"line":12,"column":35},"end":{"line":12,"column":41}}]},"7":{"type":"branch","line":12,"loc":{"start":{"line":12,"column":35},"end":{"line":15,"column":3}},"locations":[{"start":{"line":12,"column":35},"end":{"line":15,"column":3}}]},"8":{"type":"branch","line":15,"loc":{"start":{"line":15,"column":2},"end":{"line":18,"column":1}},"locations":[{"start":{"line":15,"column":2},"end":{"line":18,"column":1}}]}},"b":{"0":[11],"1":[7],"2":[5],"3":[6],"4":[15],"5":[14],"6":[6],"7":[9],"8":[6]},"fnMap":{"0":{"name":"calculateCurrentStreak","decl":{"start":{"line":1,"column":7},"end":{"line":18,"column":1}},"loc":{"start":{"line":1,"column":7},"end":{"line":18,"column":1}},"line":1}},"f":{"0":11}}
,"C:\\Users\\DELL\\habit-tracker\\src\\lib\\validators.ts": {"path":"C:\\Users\\DELL\\habit-tracker\\src\\lib\\validators.ts","all":false,"statementMap":{"0":{"start":{"line":1,"column":0},"end":{"line":1,"column":50}},"1":{"start":{"line":2,"column":0},"end":{"line":2,"column":17}},"2":{"start":{"line":3,"column":0},"end":{"line":3,"column":16}},"3":{"start":{"line":4,"column":0},"end":{"line":4,"column":23}},"4":{"start":{"line":5,"column":0},"end":{"line":5,"column":3}},"5":{"start":{"line":6,"column":0},"end":{"line":6,"column":30}},"6":{"start":{"line":7,"column":0},"end":{"line":7,"column":17}},"7":{"start":{"line":8,"column":0},"end":{"line":8,"column":72}},"8":{"start":{"line":9,"column":0},"end":{"line":9,"column":3}},"9":{"start":{"line":10,"column":0},"end":{"line":10,"column":28}},"10":{"start":{"line":11,"column":0},"end":{"line":11,"column":96}},"11":{"start":{"line":12,"column":0},"end":{"line":12,"column":3}},"12":{"start":{"line":13,"column":0},"end":{"line":13,"column":54}},"13":{"start":{"line":14,"column":0},"end":{"line":14,"column":1}}},"s":{"0":1,"1":6,"2":6,"3":6,"4":6,"5":6,"6":6,"7":2,"8":2,"9":4,"10":1,"11":1,"12":3,"13":3},"branchMap":{"0":{"type":"branch","line":1,"loc":{"start":{"line":1,"column":7},"end":{"line":14,"column":1}},"locations":[{"start":{"line":1,"column":7},"end":{"line":14,"column":1}}]},"1":{"type":"branch","line":7,"loc":{"start":{"line":7,"column":16},"end":{"line":9,"column":3}},"locations":[{"start":{"line":7,"column":16},"end":{"line":9,"column":3}}]},"2":{"type":"branch","line":9,"loc":{"start":{"line":9,"column":2},"end":{"line":14,"column":1}},"locations":[{"start":{"line":9,"column":2},"end":{"line":14,"column":1}}]},"3":{"type":"branch","line":10,"loc":{"start":{"line":10,"column":27},"end":{"line":12,"column":3}},"locations":[{"start":{"line":10,"column":27},"end":{"line":12,"column":3}}]},"4":{"type":"branch","line":12,"loc":{"start":{"line":12,"column":2},"end":{"line":14,"column":1}},"locations":[{"start":{"line":12,"column":2},"end":{"line":14,"column":1}}]}},"b":{"0":[6],"1":[2],"2":[4],"3":[1],"4":[3]},"fnMap":{"0":{"name":"validateHabitName","decl":{"start":{"line":1,"column":7},"end":{"line":14,"column":1}},"loc":{"start":{"line":1,"column":7},"end":{"line":14,"column":1}},"line":1}},"f":{"0":6}}
}
